Build started 2/16/2012 4:05:12 PM.
Project "C:\Documents and Settings\Administrator\My Documents\Dropbox\Lowell\Embedded Systems\Prog1\Prog1.vcxproj" on node 2 (build target(s)).
InitializeBuildStatus:
  Creating "Debug\Prog1.unsuccessfulbuild" because "AlwaysCreate" was specified.
ClCompile:
  C:\Program Files\Microsoft Visual Studio 10.0\VC\bin\CL.exe /c /Zi /nologo /W2 /WX- /Od /Oy- /D WIN32 /D _DEBUG /D _CONSOLE /Gm /EHsc /RTC1 /MDd /GS /fp:precise /Zc:wchar_t /Zc:forScope /Fo"Debug\\" /Fd"Debug\vc100.pdb" /Gd /TC /analyze- /errorReport:prompt pktReader.c pktparser.c prog1.c
  prog1.c
  pktparser.c
  pktReader.c
  Generating Code...
ManifestResourceCompile:
  All outputs are up-to-date.
Link:
  C:\Program Files\Microsoft Visual Studio 10.0\VC\bin\link.exe /ERRORREPORT:PROMPT /OUT:"C:\Documents and Settings\Administrator\My Documents\Dropbox\Lowell\Embedded Systems\Prog1\Debug\Prog1.exe" /INCREMENTAL /NOLOGO kernel32.lib user32.lib gdi32.lib winspool.lib comdlg32.lib advapi32.lib shell32.lib ole32.lib oleaut32.lib uuid.lib odbc32.lib odbccp32.lib /MANIFEST /ManifestFile:"Debug\Prog1.exe.intermediate.manifest" /MANIFESTUAC:"level='asInvoker' uiAccess='false'" /DEBUG /PDB:"C:\Documents and Settings\Administrator\My Documents\Dropbox\Lowell\Embedded Systems\Prog1\Debug\Prog1.pdb" /SUBSYSTEM:CONSOLE /TLBID:1 /DYNAMICBASE /NXCOMPAT /IMPLIB:"C:\Documents and Settings\Administrator\My Documents\Dropbox\Lowell\Embedded Systems\Prog1\Debug\Prog1.lib" /MACHINE:X86 Debug\Prog1.exe.embed.manifest.res
  Debug\Error.obj
  Debug\pktparser.obj
  Debug\pktReader.obj
  Debug\prog1.obj
Manifest:
  C:\Program Files\Microsoft SDKs\Windows\v7.0A\bin\mt.exe /nologo /verbose /out:"Debug\Prog1.exe.embed.manifest" /manifest Debug\Prog1.exe.intermediate.manifest
  All outputs are up-to-date.
LinkEmbedManifest:
  All outputs are up-to-date.
  Prog1.vcxproj -> C:\Documents and Settings\Administrator\My Documents\Dropbox\Lowell\Embedded Systems\Prog1\Debug\Prog1.exe
FinalizeBuildStatus:
  Deleting file "Debug\Prog1.unsuccessfulbuild".
  Touching "Debug\Prog1.lastbuildstate".
Done Building Project "C:\Documents and Settings\Administrator\My Documents\Dropbox\Lowell\Embedded Systems\Prog1\Prog1.vcxproj" (build target(s)).

Build succeeded.

Time Elapsed 00:00:04.82
